{"/Users/andela/Documents/backend_capstone/src/index.js": {"path":"/Users/andela/Documents/backend_capstone/src/index.js","statementMap":{"0":{"start":{"line":8,"column":12},"end":{"line":8,"column":21}},"1":{"start":{"line":9,"column":0},"end":{"line":9,"column":24}},"2":{"start":{"line":10,"column":0},"end":{"line":10,"column":20}},"3":{"start":{"line":11,"column":0},"end":{"line":11,"column":23}},"4":{"start":{"line":12,"column":0},"end":{"line":12,"column":20}},"5":{"start":{"line":14,"column":12},"end":{"line":14,"column":31}},"6":{"start":{"line":15,"column":16},"end":{"line":15,"column":37}},"7":{"start":{"line":16,"column":0},"end":{"line":18,"column":35}},"8":{"start":{"line":17,"column":2},"end":{"line":17,"column":62}},"9":{"start":{"line":18,"column":14},"end":{"line":18,"column":31}}},"fnMap":{"0":{"name":"(anonymous_0)","decl":{"start":{"line":16,"column":13},"end":{"line":16,"column":14}},"loc":{"start":{"line":16,"column":21},"end":{"line":18,"column":1}},"line":16},"1":{"name":"(anonymous_1)","decl":{"start":{"line":18,"column":3},"end":{"line":18,"column":4}},"loc":{"start":{"line":18,"column":12},"end":{"line":18,"column":33}},"line":18}},"branchMap":{},"s":{"0":3,"1":3,"2":3,"3":3,"4":3,"5":3,"6":3,"7":3,"8":3,"9":0},"f":{"0":3,"1":0},"b":{},"_coverageSchema":"1a1c01bbd47fc00a2c39e90264f33305004495a9","hash":"871f3f13dbbdd24db3696f90c7128a803de3c980"}
,"/Users/andela/Documents/backend_capstone/src/config/config.js": {"path":"/Users/andela/Documents/backend_capstone/src/config/config.js","statementMap":{"0":{"start":{"line":3,"column":0},"end":{"line":3,"column":16}}},"fnMap":{},"branchMap":{},"s":{"0":3},"f":{},"b":{},"_coverageSchema":"1a1c01bbd47fc00a2c39e90264f33305004495a9","hash":"1886f6b6e33a7427b10f815bc6ce61614f367120"}
,"/Users/andela/Documents/backend_capstone/src/controllers/blogController.js": {"path":"/Users/andela/Documents/backend_capstone/src/controllers/blogController.js","statementMap":{"0":{"start":{"line":4,"column":26},"end":{"line":12,"column":2}},"1":{"start":{"line":5,"column":4},"end":{"line":11,"column":31}},"2":{"start":{"line":7,"column":8},"end":{"line":7,"column":43}},"3":{"start":{"line":8,"column":8},"end":{"line":8,"column":29}},"4":{"start":{"line":9,"column":8},"end":{"line":9,"column":23}},"5":{"start":{"line":10,"column":16},"end":{"line":10,"column":25}},"6":{"start":{"line":11,"column":20},"end":{"line":11,"column":29}},"7":{"start":{"line":15,"column":28},"end":{"line":24,"column":2}},"8":{"start":{"line":16,"column":15},"end":{"line":16,"column":25}},"9":{"start":{"line":17,"column":4},"end":{"line":23,"column":31}},"10":{"start":{"line":19,"column":8},"end":{"line":19,"column":29}},"11":{"start":{"line":20,"column":8},"end":{"line":20,"column":58}},"12":{"start":{"line":21,"column":8},"end":{"line":21,"column":24}},"13":{"start":{"line":22,"column":16},"end":{"line":22,"column":25}},"14":{"start":{"line":23,"column":20},"end":{"line":23,"column":29}},"15":{"start":{"line":27,"column":29},"end":{"line":35,"column":2}},"16":{"start":{"line":28,"column":4},"end":{"line":34,"column":31}},"17":{"start":{"line":30,"column":8},"end":{"line":30,"column":29}},"18":{"start":{"line":31,"column":8},"end":{"line":31,"column":58}},"19":{"start":{"line":32,"column":8},"end":{"line":32,"column":24}},"20":{"start":{"line":33,"column":16},"end":{"line":33,"column":25}},"21":{"start":{"line":34,"column":20},"end":{"line":34,"column":29}},"22":{"start":{"line":40,"column":27},"end":{"line":55,"column":2}},"23":{"start":{"line":41,"column":18},"end":{"line":41,"column":28}},"24":{"start":{"line":43,"column":27},"end":{"line":43,"column":55}},"25":{"start":{"line":44,"column":8},"end":{"line":54,"column":9}},"26":{"start":{"line":45,"column":8},"end":{"line":51,"column":14}},"27":{"start":{"line":46,"column":32},"end":{"line":46,"column":65}},"28":{"start":{"line":47,"column":12},"end":{"line":47,"column":65}},"29":{"start":{"line":50,"column":16},"end":{"line":50,"column":46}},"30":{"start":{"line":53,"column":15},"end":{"line":53,"column":83}},"31":{"start":{"line":59,"column":1},"end":{"line":68,"column":1}},"32":{"start":{"line":60,"column":4},"end":{"line":67,"column":5}},"33":{"start":{"line":61,"column":20},"end":{"line":61,"column":82}},"34":{"start":{"line":62,"column":27},"end":{"line":62,"column":69}},"35":{"start":{"line":63,"column":7},"end":{"line":63,"column":41}},"36":{"start":{"line":66,"column":11},"end":{"line":66,"column":51}}},"fnMap":{"0":{"name":"(anonymous_0)","decl":{"start":{"line":4,"column":26},"end":{"line":4,"column":27}},"loc":{"start":{"line":4,"column":42},"end":{"line":12,"column":2}},"line":4},"1":{"name":"(anonymous_1)","decl":{"start":{"line":6,"column":11},"end":{"line":6,"column":12}},"loc":{"start":{"line":6,"column":21},"end":{"line":10,"column":5}},"line":6},"2":{"name":"(anonymous_2)","decl":{"start":{"line":10,"column":7},"end":{"line":10,"column":8}},"loc":{"start":{"line":10,"column":16},"end":{"line":10,"column":25}},"line":10},"3":{"name":"(anonymous_3)","decl":{"start":{"line":11,"column":11},"end":{"line":11,"column":12}},"loc":{"start":{"line":11,"column":20},"end":{"line":11,"column":29}},"line":11},"4":{"name":"(anonymous_4)","decl":{"start":{"line":15,"column":28},"end":{"line":15,"column":29}},"loc":{"start":{"line":15,"column":47},"end":{"line":24,"column":2}},"line":15},"5":{"name":"(anonymous_5)","decl":{"start":{"line":18,"column":10},"end":{"line":18,"column":11}},"loc":{"start":{"line":18,"column":21},"end":{"line":22,"column":5}},"line":18},"6":{"name":"(anonymous_6)","decl":{"start":{"line":22,"column":7},"end":{"line":22,"column":8}},"loc":{"start":{"line":22,"column":16},"end":{"line":22,"column":25}},"line":22},"7":{"name":"(anonymous_7)","decl":{"start":{"line":23,"column":11},"end":{"line":23,"column":12}},"loc":{"start":{"line":23,"column":20},"end":{"line":23,"column":29}},"line":23},"8":{"name":"(anonymous_8)","decl":{"start":{"line":27,"column":29},"end":{"line":27,"column":30}},"loc":{"start":{"line":27,"column":48},"end":{"line":35,"column":2}},"line":27},"9":{"name":"(anonymous_9)","decl":{"start":{"line":29,"column":10},"end":{"line":29,"column":11}},"loc":{"start":{"line":29,"column":21},"end":{"line":33,"column":5}},"line":29},"10":{"name":"(anonymous_10)","decl":{"start":{"line":33,"column":7},"end":{"line":33,"column":8}},"loc":{"start":{"line":33,"column":16},"end":{"line":33,"column":25}},"line":33},"11":{"name":"(anonymous_11)","decl":{"start":{"line":34,"column":11},"end":{"line":34,"column":12}},"loc":{"start":{"line":34,"column":20},"end":{"line":34,"column":29}},"line":34},"12":{"name":"(anonymous_12)","decl":{"start":{"line":40,"column":27},"end":{"line":40,"column":28}},"loc":{"start":{"line":40,"column":53},"end":{"line":55,"column":2}},"line":40},"13":{"name":"(anonymous_13)","decl":{"start":{"line":59,"column":22},"end":{"line":59,"column":23}},"loc":{"start":{"line":59,"column":47},"end":{"line":68,"column":1}},"line":59}},"branchMap":{"0":{"loc":{"start":{"line":44,"column":8},"end":{"line":54,"column":9}},"type":"if","locations":[{"start":{"line":44,"column":8},"end":{"line":54,"column":9}},{"start":{"line":44,"column":8},"end":{"line":54,"column":9}}],"line":44}},"s":{"0":3,"1":2,"2":2,"3":2,"4":2,"5":0,"6":0,"7":3,"8":1,"9":1,"10":1,"11":1,"12":1,"13":0,"14":0,"15":3,"16":2,"17":2,"18":2,"19":2,"20":0,"21":0,"22":3,"23":1,"24":1,"25":1,"26":1,"27":1,"28":1,"29":0,"30":0,"31":3,"32":1,"33":1,"34":1,"35":1,"36":0},"f":{"0":2,"1":2,"2":0,"3":0,"4":1,"5":1,"6":0,"7":0,"8":2,"9":2,"10":0,"11":0,"12":1,"13":1},"b":{"0":[1,0]},"_coverageSchema":"1a1c01bbd47fc00a2c39e90264f33305004495a9","hash":"46cc210cb29bc63fbf91840e5dd7ba7b1a6a3e98"}
,"/Users/andela/Documents/backend_capstone/src/controllers/contactController.js": {"path":"/Users/andela/Documents/backend_capstone/src/controllers/contactController.js","statementMap":{"0":{"start":{"line":4,"column":29},"end":{"line":12,"column":2}},"1":{"start":{"line":5,"column":4},"end":{"line":11,"column":31}},"2":{"start":{"line":7,"column":8},"end":{"line":7,"column":46}},"3":{"start":{"line":8,"column":8},"end":{"line":8,"column":29}},"4":{"start":{"line":9,"column":8},"end":{"line":9,"column":26}},"5":{"start":{"line":10,"column":16},"end":{"line":10,"column":25}},"6":{"start":{"line":11,"column":20},"end":{"line":11,"column":29}},"7":{"start":{"line":15,"column":32},"end":{"line":23,"column":2}},"8":{"start":{"line":16,"column":4},"end":{"line":22,"column":31}},"9":{"start":{"line":18,"column":8},"end":{"line":18,"column":29}},"10":{"start":{"line":19,"column":8},"end":{"line":19,"column":58}},"11":{"start":{"line":20,"column":8},"end":{"line":20,"column":26}},"12":{"start":{"line":21,"column":16},"end":{"line":21,"column":25}},"13":{"start":{"line":22,"column":20},"end":{"line":22,"column":29}},"14":{"start":{"line":26,"column":30},"end":{"line":35,"column":2}},"15":{"start":{"line":27,"column":15},"end":{"line":27,"column":25}},"16":{"start":{"line":28,"column":4},"end":{"line":34,"column":31}},"17":{"start":{"line":30,"column":8},"end":{"line":30,"column":29}},"18":{"start":{"line":31,"column":8},"end":{"line":31,"column":58}},"19":{"start":{"line":32,"column":8},"end":{"line":32,"column":26}},"20":{"start":{"line":33,"column":16},"end":{"line":33,"column":25}},"21":{"start":{"line":34,"column":20},"end":{"line":34,"column":29}},"22":{"start":{"line":39,"column":29},"end":{"line":55,"column":2}},"23":{"start":{"line":40,"column":18},"end":{"line":40,"column":28}},"24":{"start":{"line":42,"column":30},"end":{"line":42,"column":61}},"25":{"start":{"line":43,"column":8},"end":{"line":54,"column":9}},"26":{"start":{"line":45,"column":8},"end":{"line":51,"column":9}},"27":{"start":{"line":46,"column":35},"end":{"line":46,"column":71}},"28":{"start":{"line":47,"column":12},"end":{"line":47,"column":72}},"29":{"start":{"line":50,"column":12},"end":{"line":50,"column":57}},"30":{"start":{"line":53,"column":15},"end":{"line":53,"column":89}}},"fnMap":{"0":{"name":"(anonymous_0)","decl":{"start":{"line":4,"column":29},"end":{"line":4,"column":30}},"loc":{"start":{"line":4,"column":45},"end":{"line":12,"column":2}},"line":4},"1":{"name":"(anonymous_1)","decl":{"start":{"line":6,"column":11},"end":{"line":6,"column":12}},"loc":{"start":{"line":6,"column":24},"end":{"line":10,"column":5}},"line":6},"2":{"name":"(anonymous_2)","decl":{"start":{"line":10,"column":7},"end":{"line":10,"column":8}},"loc":{"start":{"line":10,"column":16},"end":{"line":10,"column":25}},"line":10},"3":{"name":"(anonymous_3)","decl":{"start":{"line":11,"column":11},"end":{"line":11,"column":12}},"loc":{"start":{"line":11,"column":20},"end":{"line":11,"column":29}},"line":11},"4":{"name":"(anonymous_4)","decl":{"start":{"line":15,"column":32},"end":{"line":15,"column":33}},"loc":{"start":{"line":15,"column":51},"end":{"line":23,"column":2}},"line":15},"5":{"name":"(anonymous_5)","decl":{"start":{"line":17,"column":10},"end":{"line":17,"column":11}},"loc":{"start":{"line":17,"column":23},"end":{"line":21,"column":5}},"line":17},"6":{"name":"(anonymous_6)","decl":{"start":{"line":21,"column":7},"end":{"line":21,"column":8}},"loc":{"start":{"line":21,"column":16},"end":{"line":21,"column":25}},"line":21},"7":{"name":"(anonymous_7)","decl":{"start":{"line":22,"column":11},"end":{"line":22,"column":12}},"loc":{"start":{"line":22,"column":20},"end":{"line":22,"column":29}},"line":22},"8":{"name":"(anonymous_8)","decl":{"start":{"line":26,"column":30},"end":{"line":26,"column":31}},"loc":{"start":{"line":26,"column":49},"end":{"line":35,"column":2}},"line":26},"9":{"name":"(anonymous_9)","decl":{"start":{"line":29,"column":10},"end":{"line":29,"column":11}},"loc":{"start":{"line":29,"column":23},"end":{"line":33,"column":5}},"line":29},"10":{"name":"(anonymous_10)","decl":{"start":{"line":33,"column":7},"end":{"line":33,"column":8}},"loc":{"start":{"line":33,"column":16},"end":{"line":33,"column":25}},"line":33},"11":{"name":"(anonymous_11)","decl":{"start":{"line":34,"column":11},"end":{"line":34,"column":12}},"loc":{"start":{"line":34,"column":20},"end":{"line":34,"column":29}},"line":34},"12":{"name":"(anonymous_12)","decl":{"start":{"line":39,"column":29},"end":{"line":39,"column":30}},"loc":{"start":{"line":39,"column":55},"end":{"line":55,"column":2}},"line":39}},"branchMap":{"0":{"loc":{"start":{"line":43,"column":8},"end":{"line":54,"column":9}},"type":"if","locations":[{"start":{"line":43,"column":8},"end":{"line":54,"column":9}},{"start":{"line":43,"column":8},"end":{"line":54,"column":9}}],"line":43}},"s":{"0":3,"1":1,"2":1,"3":1,"4":1,"5":0,"6":0,"7":3,"8":1,"9":1,"10":1,"11":1,"12":0,"13":0,"14":3,"15":1,"16":1,"17":1,"18":1,"19":1,"20":0,"21":0,"22":3,"23":1,"24":1,"25":1,"26":1,"27":1,"28":1,"29":1,"30":0},"f":{"0":1,"1":1,"2":0,"3":0,"4":1,"5":1,"6":0,"7":0,"8":1,"9":1,"10":0,"11":0,"12":1},"b":{"0":[1,0]},"_coverageSchema":"1a1c01bbd47fc00a2c39e90264f33305004495a9","hash":"5855a0ec24678a68d6e8f5cba7c94a65df92728a"}
,"/Users/andela/Documents/backend_capstone/src/controllers/userController.js": {"path":"/Users/andela/Documents/backend_capstone/src/controllers/userController.js","statementMap":{"0":{"start":{"line":5,"column":21},"end":{"line":30,"column":1}},"1":{"start":{"line":6,"column":4},"end":{"line":29,"column":5}},"2":{"start":{"line":7,"column":56},"end":{"line":7,"column":64}},"3":{"start":{"line":9,"column":26},"end":{"line":9,"column":53}},"4":{"start":{"line":10,"column":8},"end":{"line":12,"column":9}},"5":{"start":{"line":11,"column":12},"end":{"line":11,"column":73}},"6":{"start":{"line":14,"column":21},"end":{"line":14,"column":45}},"7":{"start":{"line":15,"column":22},"end":{"line":15,"column":55}},"8":{"start":{"line":19,"column":25},"end":{"line":24,"column":10}},"9":{"start":{"line":25,"column":26},"end":{"line":25,"column":46}},"10":{"start":{"line":26,"column":8},"end":{"line":26,"column":91}},"11":{"start":{"line":28,"column":8},"end":{"line":28,"column":57}},"12":{"start":{"line":35,"column":23},"end":{"line":43,"column":2}},"13":{"start":{"line":36,"column":4},"end":{"line":42,"column":31}},"14":{"start":{"line":38,"column":8},"end":{"line":38,"column":43}},"15":{"start":{"line":39,"column":8},"end":{"line":39,"column":29}},"16":{"start":{"line":40,"column":8},"end":{"line":40,"column":23}},"17":{"start":{"line":41,"column":16},"end":{"line":41,"column":25}},"18":{"start":{"line":42,"column":20},"end":{"line":42,"column":29}},"19":{"start":{"line":49,"column":27},"end":{"line":58,"column":2}},"20":{"start":{"line":50,"column":15},"end":{"line":50,"column":25}},"21":{"start":{"line":51,"column":4},"end":{"line":57,"column":31}},"22":{"start":{"line":53,"column":8},"end":{"line":53,"column":29}},"23":{"start":{"line":54,"column":8},"end":{"line":54,"column":58}},"24":{"start":{"line":55,"column":8},"end":{"line":55,"column":24}},"25":{"start":{"line":56,"column":16},"end":{"line":56,"column":25}},"26":{"start":{"line":57,"column":20},"end":{"line":57,"column":29}},"27":{"start":{"line":61,"column":27},"end":{"line":69,"column":2}},"28":{"start":{"line":62,"column":4},"end":{"line":68,"column":31}},"29":{"start":{"line":64,"column":8},"end":{"line":64,"column":29}},"30":{"start":{"line":65,"column":8},"end":{"line":65,"column":58}},"31":{"start":{"line":66,"column":8},"end":{"line":66,"column":24}},"32":{"start":{"line":67,"column":16},"end":{"line":67,"column":25}},"33":{"start":{"line":68,"column":20},"end":{"line":68,"column":29}},"34":{"start":{"line":72,"column":26},"end":{"line":81,"column":1}},"35":{"start":{"line":73,"column":4},"end":{"line":80,"column":5}},"36":{"start":{"line":74,"column":20},"end":{"line":74,"column":82}},"37":{"start":{"line":75,"column":26},"end":{"line":75,"column":68}},"38":{"start":{"line":76,"column":7},"end":{"line":76,"column":41}},"39":{"start":{"line":79,"column":11},"end":{"line":79,"column":51}},"40":{"start":{"line":85,"column":26},"end":{"line":100,"column":1}},"41":{"start":{"line":86,"column":17},"end":{"line":86,"column":27}},"42":{"start":{"line":88,"column":26},"end":{"line":88,"column":54}},"43":{"start":{"line":89,"column":7},"end":{"line":99,"column":8}},"44":{"start":{"line":90,"column":7},"end":{"line":96,"column":13}},"45":{"start":{"line":91,"column":31},"end":{"line":91,"column":64}},"46":{"start":{"line":92,"column":11},"end":{"line":92,"column":64}},"47":{"start":{"line":95,"column":15},"end":{"line":95,"column":45}},"48":{"start":{"line":98,"column":14},"end":{"line":98,"column":82}},"49":{"start":{"line":105,"column":21},"end":{"line":121,"column":1}},"50":{"start":{"line":106,"column":4},"end":{"line":120,"column":5}},"51":{"start":{"line":107,"column":35},"end":{"line":107,"column":43}},"52":{"start":{"line":108,"column":29},"end":{"line":108,"column":56}},"53":{"start":{"line":109,"column":8},"end":{"line":109,"column":81}},"54":{"start":{"line":109,"column":27},"end":{"line":109,"column":81}},"55":{"start":{"line":111,"column":28},"end":{"line":111,"column":81}},"56":{"start":{"line":112,"column":8},"end":{"line":112,"column":84}},"57":{"start":{"line":112,"column":26},"end":{"line":112,"column":84}},"58":{"start":{"line":114,"column":22},"end":{"line":114,"column":55}},"59":{"start":{"line":116,"column":8},"end":{"line":116,"column":76}},"60":{"start":{"line":119,"column":8},"end":{"line":119,"column":57}}},"fnMap":{"0":{"name":"(anonymous_0)","decl":{"start":{"line":5,"column":21},"end":{"line":5,"column":22}},"loc":{"start":{"line":5,"column":41},"end":{"line":30,"column":1}},"line":5},"1":{"name":"(anonymous_1)","decl":{"start":{"line":35,"column":23},"end":{"line":35,"column":24}},"loc":{"start":{"line":35,"column":39},"end":{"line":43,"column":2}},"line":35},"2":{"name":"(anonymous_2)","decl":{"start":{"line":37,"column":11},"end":{"line":37,"column":12}},"loc":{"start":{"line":37,"column":21},"end":{"line":41,"column":5}},"line":37},"3":{"name":"(anonymous_3)","decl":{"start":{"line":41,"column":7},"end":{"line":41,"column":8}},"loc":{"start":{"line":41,"column":16},"end":{"line":41,"column":25}},"line":41},"4":{"name":"(anonymous_4)","decl":{"start":{"line":42,"column":11},"end":{"line":42,"column":12}},"loc":{"start":{"line":42,"column":20},"end":{"line":42,"column":29}},"line":42},"5":{"name":"(anonymous_5)","decl":{"start":{"line":49,"column":27},"end":{"line":49,"column":28}},"loc":{"start":{"line":49,"column":46},"end":{"line":58,"column":2}},"line":49},"6":{"name":"(anonymous_6)","decl":{"start":{"line":52,"column":10},"end":{"line":52,"column":11}},"loc":{"start":{"line":52,"column":21},"end":{"line":56,"column":5}},"line":52},"7":{"name":"(anonymous_7)","decl":{"start":{"line":56,"column":7},"end":{"line":56,"column":8}},"loc":{"start":{"line":56,"column":16},"end":{"line":56,"column":25}},"line":56},"8":{"name":"(anonymous_8)","decl":{"start":{"line":57,"column":11},"end":{"line":57,"column":12}},"loc":{"start":{"line":57,"column":20},"end":{"line":57,"column":29}},"line":57},"9":{"name":"(anonymous_9)","decl":{"start":{"line":61,"column":27},"end":{"line":61,"column":28}},"loc":{"start":{"line":61,"column":46},"end":{"line":69,"column":2}},"line":61},"10":{"name":"(anonymous_10)","decl":{"start":{"line":63,"column":10},"end":{"line":63,"column":11}},"loc":{"start":{"line":63,"column":21},"end":{"line":67,"column":5}},"line":63},"11":{"name":"(anonymous_11)","decl":{"start":{"line":67,"column":7},"end":{"line":67,"column":8}},"loc":{"start":{"line":67,"column":16},"end":{"line":67,"column":25}},"line":67},"12":{"name":"(anonymous_12)","decl":{"start":{"line":68,"column":11},"end":{"line":68,"column":12}},"loc":{"start":{"line":68,"column":20},"end":{"line":68,"column":29}},"line":68},"13":{"name":"(anonymous_13)","decl":{"start":{"line":72,"column":26},"end":{"line":72,"column":27}},"loc":{"start":{"line":72,"column":51},"end":{"line":81,"column":1}},"line":72},"14":{"name":"(anonymous_14)","decl":{"start":{"line":85,"column":26},"end":{"line":85,"column":27}},"loc":{"start":{"line":85,"column":52},"end":{"line":100,"column":1}},"line":85},"15":{"name":"(anonymous_15)","decl":{"start":{"line":105,"column":21},"end":{"line":105,"column":22}},"loc":{"start":{"line":105,"column":41},"end":{"line":121,"column":1}},"line":105}},"branchMap":{"0":{"loc":{"start":{"line":10,"column":8},"end":{"line":12,"column":9}},"type":"if","locations":[{"start":{"line":10,"column":8},"end":{"line":12,"column":9}},{"start":{"line":10,"column":8},"end":{"line":12,"column":9}}],"line":10},"1":{"loc":{"start":{"line":89,"column":7},"end":{"line":99,"column":8}},"type":"if","locations":[{"start":{"line":89,"column":7},"end":{"line":99,"column":8}},{"start":{"line":89,"column":7},"end":{"line":99,"column":8}}],"line":89},"2":{"loc":{"start":{"line":109,"column":8},"end":{"line":109,"column":81}},"type":"if","locations":[{"start":{"line":109,"column":8},"end":{"line":109,"column":81}},{"start":{"line":109,"column":8},"end":{"line":109,"column":81}}],"line":109},"3":{"loc":{"start":{"line":112,"column":8},"end":{"line":112,"column":84}},"type":"if","locations":[{"start":{"line":112,"column":8},"end":{"line":112,"column":84}},{"start":{"line":112,"column":8},"end":{"line":112,"column":84}}],"line":112}},"s":{"0":3,"1":0,"2":0,"3":0,"4":0,"5":0,"6":0,"7":0,"8":0,"9":0,"10":0,"11":0,"12":3,"13":0,"14":0,"15":0,"16":0,"17":0,"18":0,"19":3,"20":0,"21":0,"22":0,"23":0,"24":0,"25":0,"26":0,"27":3,"28":0,"29":0,"30":0,"31":0,"32":0,"33":0,"34":3,"35":0,"36":0,"37":0,"38":0,"39":0,"40":3,"41":0,"42":0,"43":0,"44":0,"45":0,"46":0,"47":0,"48":0,"49":3,"50":0,"51":0,"52":0,"53":0,"54":0,"55":0,"56":0,"57":0,"58":0,"59":0,"60":0},"f":{"0":0,"1":0,"2":0,"3":0,"4":0,"5":0,"6":0,"7":0,"8":0,"9":0,"10":0,"11":0,"12":0,"13":0,"14":0,"15":0},"b":{"0":[0,0],"1":[0,0],"2":[0,0],"3":[0,0]},"_coverageSchema":"1a1c01bbd47fc00a2c39e90264f33305004495a9","hash":"fc1115f0525c89968ad2f61d10d5dc85007506aa"}
,"/Users/andela/Documents/backend_capstone/src/helpers/token.js": {"path":"/Users/andela/Documents/backend_capstone/src/helpers/token.js","statementMap":{"0":{"start":{"line":4,"column":23},"end":{"line":9,"column":1}},"1":{"start":{"line":5,"column":44},"end":{"line":5,"column":48}},"2":{"start":{"line":6,"column":23},"end":{"line":6,"column":41}},"3":{"start":{"line":8,"column":4},"end":{"line":8,"column":90}}},"fnMap":{"0":{"name":"(anonymous_0)","decl":{"start":{"line":4,"column":23},"end":{"line":4,"column":24}},"loc":{"start":{"line":4,"column":33},"end":{"line":9,"column":1}},"line":4}},"branchMap":{},"s":{"0":3,"1":10,"2":10,"3":10},"f":{"0":10},"b":{},"_coverageSchema":"1a1c01bbd47fc00a2c39e90264f33305004495a9","hash":"a3f44cfe67bb8be18ee8f03e8d8c570f7518afea"}
,"/Users/andela/Documents/backend_capstone/src/middleware/authentication.js": {"path":"/Users/andela/Documents/backend_capstone/src/middleware/authentication.js","statementMap":{"0":{"start":{"line":4,"column":20},"end":{"line":16,"column":1}},"1":{"start":{"line":5,"column":18},"end":{"line":5,"column":42}},"2":{"start":{"line":6,"column":4},"end":{"line":6,"column":67}},"3":{"start":{"line":6,"column":15},"end":{"line":6,"column":67}},"4":{"start":{"line":8,"column":4},"end":{"line":15,"column":5}},"5":{"start":{"line":9,"column":27},"end":{"line":9,"column":45}},"6":{"start":{"line":10,"column":25},"end":{"line":10,"column":53}},"7":{"start":{"line":11,"column":8},"end":{"line":11,"column":28}},"8":{"start":{"line":12,"column":8},"end":{"line":12,"column":22}},"9":{"start":{"line":14,"column":8},"end":{"line":14,"column":64}}},"fnMap":{"0":{"name":"(anonymous_0)","decl":{"start":{"line":4,"column":20},"end":{"line":4,"column":21}},"loc":{"start":{"line":4,"column":38},"end":{"line":16,"column":1}},"line":4}},"branchMap":{"0":{"loc":{"start":{"line":6,"column":4},"end":{"line":6,"column":67}},"type":"if","locations":[{"start":{"line":6,"column":4},"end":{"line":6,"column":67}},{"start":{"line":6,"column":4},"end":{"line":6,"column":67}}],"line":6}},"s":{"0":3,"1":7,"2":7,"3":0,"4":7,"5":7,"6":7,"7":7,"8":7,"9":0},"f":{"0":7},"b":{"0":[0,7]},"_coverageSchema":"1a1c01bbd47fc00a2c39e90264f33305004495a9","hash":"1a3e76c59ecdb3c0b3203d0b9cd78d26b872ed7a"}
,"/Users/andela/Documents/backend_capstone/src/models/blogModel.js": {"path":"/Users/andela/Documents/backend_capstone/src/models/blogModel.js","statementMap":{"0":{"start":{"line":3,"column":13},"end":{"line":30,"column":3}}},"fnMap":{},"branchMap":{},"s":{"0":3},"f":{},"b":{},"_coverageSchema":"1a1c01bbd47fc00a2c39e90264f33305004495a9","hash":"745c17573aa28a700434c0a5fc7323d4dda7c50b"}
,"/Users/andela/Documents/backend_capstone/src/models/contactModel.js": {"path":"/Users/andela/Documents/backend_capstone/src/models/contactModel.js","statementMap":{"0":{"start":{"line":3,"column":16},"end":{"line":27,"column":3}}},"fnMap":{},"branchMap":{},"s":{"0":3},"f":{},"b":{},"_coverageSchema":"1a1c01bbd47fc00a2c39e90264f33305004495a9","hash":"95c1e2ef882deac25fe0fe054d865ac97451cc9f"}
,"/Users/andela/Documents/backend_capstone/src/models/userModel.js": {"path":"/Users/andela/Documents/backend_capstone/src/models/userModel.js","statementMap":{"0":{"start":{"line":4,"column":13},"end":{"line":36,"column":3}}},"fnMap":{},"branchMap":{},"s":{"0":3},"f":{},"b":{},"_coverageSchema":"1a1c01bbd47fc00a2c39e90264f33305004495a9","hash":"1654ea9ea8403ad4fe28008073cc73f027aa07ec"}
,"/Users/andela/Documents/backend_capstone/src/routes/blogRoute.js": {"path":"/Users/andela/Documents/backend_capstone/src/routes/blogRoute.js","statementMap":{"0":{"start":{"line":5,"column":19},"end":{"line":5,"column":35}},"1":{"start":{"line":7,"column":0},"end":{"line":7,"column":48}},"2":{"start":{"line":8,"column":0},"end":{"line":8,"column":52}},"3":{"start":{"line":9,"column":0},"end":{"line":9,"column":50}},"4":{"start":{"line":10,"column":0},"end":{"line":10,"column":54}},"5":{"start":{"line":11,"column":0},"end":{"line":11,"column":51}}},"fnMap":{},"branchMap":{},"s":{"0":3,"1":3,"2":3,"3":3,"4":3,"5":3},"f":{},"b":{},"_coverageSchema":"1a1c01bbd47fc00a2c39e90264f33305004495a9","hash":"aae09085cc74e6c104b158fbbacf9450e6e3a6cf"}
,"/Users/andela/Documents/backend_capstone/src/routes/contactRoute.js": {"path":"/Users/andela/Documents/backend_capstone/src/routes/contactRoute.js","statementMap":{"0":{"start":{"line":4,"column":22},"end":{"line":4,"column":38}},"1":{"start":{"line":6,"column":0},"end":{"line":6,"column":52}},"2":{"start":{"line":7,"column":0},"end":{"line":7,"column":56}},"3":{"start":{"line":8,"column":0},"end":{"line":8,"column":54}},"4":{"start":{"line":9,"column":0},"end":{"line":9,"column":58}}},"fnMap":{},"branchMap":{},"s":{"0":3,"1":3,"2":3,"3":3,"4":3},"f":{},"b":{},"_coverageSchema":"1a1c01bbd47fc00a2c39e90264f33305004495a9","hash":"2644b28085f979aca94f60cf72db8145326f70d2"}
,"/Users/andela/Documents/backend_capstone/src/routes/userRoute.js": {"path":"/Users/andela/Documents/backend_capstone/src/routes/userRoute.js","statementMap":{"0":{"start":{"line":6,"column":19},"end":{"line":6,"column":35}},"1":{"start":{"line":10,"column":0},"end":{"line":10,"column":39}},"2":{"start":{"line":11,"column":0},"end":{"line":11,"column":52}},"3":{"start":{"line":12,"column":0},"end":{"line":12,"column":50}},"4":{"start":{"line":13,"column":0},"end":{"line":13,"column":54}},"5":{"start":{"line":14,"column":0},"end":{"line":14,"column":51}},"6":{"start":{"line":16,"column":0},"end":{"line":16,"column":33}}},"fnMap":{},"branchMap":{},"s":{"0":3,"1":3,"2":3,"3":3,"4":3,"5":3,"6":3},"f":{},"b":{},"_coverageSchema":"1a1c01bbd47fc00a2c39e90264f33305004495a9","hash":"21f79590a6cf845aabf2291dd89735ad5274d7a7"}
}
